<?xml version="1.0" encoding="UTF-8"?>
<!-- Generated by org.testng.reporters.JUnitXMLReporter -->
<testsuite hostname="Sarang-Notebook" ignored="0" name="Test" tests="11" failures="2" timestamp="13 May 2020 07:29:53 GMT" time="159.593" errors="0">
  <testcase name="verifySignUpLink_test" time="0.02" classname="com.qa.frisrcryae.tests.LandingPageTest"/>
  <testcase name="verifySearchBoxIsAvailable_test" time="0.065" classname="com.qa.frisrcryae.tests.LandingPageTest"/>
  <testcase name="verifySearchBoxWorking_test" time="0.783" classname="com.qa.frisrcryae.tests.LandingPageTest"/>
  <testcase name="verifyPlaceHolder_test" time="0.569" classname="com.qa.frisrcryae.tests.LandingPageTest"/>
  <testcase name="loginToApp_test" time="5.408" classname="com.qa.frisrcryae.tests.LandingPageTest">
    <failure type="java.lang.AssertionError" message="loginToApp_test failed unable to locate My Account Webelement expected [true] but found [false]">
      <![CDATA[java.lang.AssertionError: loginToApp_test failed unable to locate My Account Webelement expected [true] but found [false]
at com.qa.frisrcryae.tests.LandingPageTest.loginToApp_test(LandingPageTest.java:53)
at java.util.concurrent.ThreadPoolExecutor.runWorker(ThreadPoolExecutor.java:1149)
at java.util.concurrent.ThreadPoolExecutor$Worker.run(ThreadPoolExecutor.java:624)
at java.lang.Thread.run(Thread.java:748)
... Removed 15 stack frames]]>
    </failure>
  </testcase> <!-- loginToApp_test -->
  <testcase name="verifyContactUsLinkOnHeader_test" time="2.239" classname="com.qa.frisrcryae.tests.LandingPageTest"/>
  <testcase name="verifyTrackOrderLinkOnHeader_test" time="3.603" classname="com.qa.frisrcryae.tests.LandingPageTest"/>
  <testcase name="verifyFirstCryParentingLinkOnHeader_test" time="9.088" classname="com.qa.frisrcryae.tests.LandingPageTest"/>
  <testcase name="verifyRegisterLinkOnHeader_test" time="3.761" classname="com.qa.frisrcryae.tests.LandingPageTest"/>
  <testcase name="verifyShortListLinkOnHeader_test" time="3.403" classname="com.qa.frisrcryae.tests.LandingPageTest"/>
  <testcase name="verifyFirstCryLogoOnHeader_test" time="0.046" classname="com.qa.frisrcryae.tests.LandingPageTest">
    <failure type="java.lang.NullPointerException">
      <![CDATA[java.lang.NullPointerException
at org.openqa.selenium.support.ui.ExpectedConditions.elementIfVisible(ExpectedConditions.java:314)
at org.openqa.selenium.support.ui.ExpectedConditions.access$000(ExpectedConditions.java:43)
at org.openqa.selenium.support.ui.ExpectedConditions$10.apply(ExpectedConditions.java:300)
at org.openqa.selenium.support.ui.ExpectedConditions$10.apply(ExpectedConditions.java:297)
at org.openqa.selenium.support.ui.FluentWait.until(FluentWait.java:249)
at com.qa.frisrcryae.utills.ElementActions.waitForElementVisible(ElementActions.java:96)
at com.qa.frisrcryae.pages.LandingPage.verifyFirstCryLogoOnHeader(LandingPage.java:178)
at com.qa.frisrcryae.tests.LandingPageTest.verifyFirstCryLogoOnHeader_test(LandingPageTest.java:90)
at java.util.concurrent.ThreadPoolExecutor.runWorker(ThreadPoolExecutor.java:1149)
at java.util.concurrent.ThreadPoolExecutor$Worker.run(ThreadPoolExecutor.java:624)
at java.lang.Thread.run(Thread.java:748)
... Removed 10 stack frames]]>
    </failure>
  </testcase> <!-- verifyFirstCryLogoOnHeader_test -->
</testsuite> <!-- Test -->
