<html>
<head>
<title>TestNG:  Test</title>
<link href="../testng.css" rel="stylesheet" type="text/css" />
<link href="../my-testng.css" rel="stylesheet" type="text/css" />

<style type="text/css">
.log { display: none;} 
.stack-trace { display: none;} 
</style>
<script type="text/javascript">
<!--
function flip(e) {
  current = e.style.display;
  if (current == 'block') {
    e.style.display = 'none';
    return 0;
  }
  else {
    e.style.display = 'block';
    return 1;
  }
}

function toggleBox(szDivId, elem, msg1, msg2)
{
  var res = -1;  if (document.getElementById) {
    res = flip(document.getElementById(szDivId));
  }
  else if (document.all) {
    // this is the way old msie versions work
    res = flip(document.all[szDivId]);
  }
  if(elem) {
    if(res == 0) elem.innerHTML = msg1; else elem.innerHTML = msg2;
  }

}

function toggleAllBoxes() {
  if (document.getElementsByTagName) {
    d = document.getElementsByTagName('div');
    for (i = 0; i < d.length; i++) {
      if (d[i].className == 'log') {
        flip(d[i]);
      }
    }
  }
}

// -->
</script>

</head>
<body>
<h2 align='center'>Test</h2><table border='1' align="center">
<tr>
<td>Tests passed/Failed/Skipped:</td><td>16/8/0</td>
</tr><tr>
<td>Started on:</td><td>Sat May 16 19:49:39 IST 2020</td>
</tr>
<tr><td>Total time:</td><td>1091 seconds (1091248 ms)</td>
</tr><tr>
<td>Included groups:</td><td></td>
</tr><tr>
<td>Excluded groups:</td><td></td>
</tr>
</table><p/>
<small><i>(Hover the method name to see the test class name)</i></small><p/>
<table width='100%' border='1' class='invocation-failed'>
<tr><td colspan='4' align='center'><b>FAILED TESTS</b></td></tr>
<tr><td><b>Test method</b></td>
<td width="30%"><b>Exception</b></td>
<td width="10%"><b>Time (seconds)</b></td>
<td><b>Instance</b></td>
</tr>
<tr>
<td title='com.qa.frisrcryae.tests.LandingPageTest.loginToApp_test()'><b>loginToApp_test</b><br>Test class: com.qa.frisrcryae.tests.LandingPageTest</td>
<td><div><pre>java.lang.NullPointerException: null value in entry: id=null
	at com.google.common.collect.CollectPreconditions.checkEntryNotNull(CollectPreconditions.java:32)
	at com.google.common.collect.SingletonImmutableBiMap.&lt;init&gt;(SingletonImmutableBiMap.java:42)
	at com.google.common.collect.ImmutableBiMap.of(ImmutableBiMap.java:72)
	at com.google.common.collect.ImmutableMap.of(ImmutableMap.java:124)
	at org.openqa.selenium.remote.RemoteWebDriver$RemoteTargetLocator.frame(RemoteWebDriver.java:892)
	at com.qa.frisrcryae.pages.LandingPage.loginToApp(LandingPage.java:105)
	at com.qa.frisrcryae.tests.LandingPageTest.loginToApp_test(LandingPageTest.java:54)
	at java.util.concurrent.ThreadPoolExecutor.runWorker(ThreadPoolExecutor.java:1149)
	at java.util.concurrent.ThreadPoolExecutor$Worker.run(ThreadPoolExecutor.java:624)
	at java.lang.Thread.run(Thread.java:748)
... Removed 10 stack frames</pre></div><a href='#' onClick='toggleBox("stack-trace1314315119", this, "Click to show all stack frames", "Click to hide stack frames")'>Click to show all stack frames</a>
<div class='stack-trace' id='stack-trace1314315119'><pre>java.lang.NullPointerException: null value in entry: id=null
	at com.google.common.collect.CollectPreconditions.checkEntryNotNull(CollectPreconditions.java:32)
	at com.google.common.collect.SingletonImmutableBiMap.&lt;init&gt;(SingletonImmutableBiMap.java:42)
	at com.google.common.collect.ImmutableBiMap.of(ImmutableBiMap.java:72)
	at com.google.common.collect.ImmutableMap.of(ImmutableMap.java:124)
	at org.openqa.selenium.remote.RemoteWebDriver$RemoteTargetLocator.frame(RemoteWebDriver.java:892)
	at com.qa.frisrcryae.pages.LandingPage.loginToApp(LandingPage.java:105)
	at com.qa.frisrcryae.tests.LandingPageTest.loginToApp_test(LandingPageTest.java:54)
	at sun.reflect.NativeMethodAccessorImpl.invoke0(Native Method)
	at sun.reflect.NativeMethodAccessorImpl.invoke(NativeMethodAccessorImpl.java:62)
	at sun.reflect.DelegatingMethodAccessorImpl.invoke(DelegatingMethodAccessorImpl.java:43)
	at java.lang.reflect.Method.invoke(Method.java:498)
	at org.testng.internal.MethodInvocationHelper.invokeMethod(MethodInvocationHelper.java:124)
	at org.testng.internal.Invoker.invokeMethod(Invoker.java:583)
	at org.testng.internal.Invoker.invokeTestMethod(Invoker.java:719)
	at org.testng.internal.Invoker.invokeTestMethods(Invoker.java:989)
	at org.testng.internal.TestMethodWorker.invokeTestMethods(TestMethodWorker.java:125)
	at org.testng.internal.TestMethodWorker.run(TestMethodWorker.java:109)
	at java.util.concurrent.ThreadPoolExecutor.runWorker(ThreadPoolExecutor.java:1149)
	at java.util.concurrent.ThreadPoolExecutor$Worker.run(ThreadPoolExecutor.java:624)
	at java.lang.Thread.run(Thread.java:748)
</pre></div></td>
<td>0</td>
<td>com.qa.frisrcryae.tests.LandingPageTest@57c758ac</td></tr>
<tr>
<td title='com.qa.frisrcryae.tests.LandingPageTest.verifyBaby_And_Kids_FootwearLink_test()'><b>verifyBaby_And_Kids_FootwearLink_test</b><br>Test class: com.qa.frisrcryae.tests.LandingPageTest</td>
<td><div><pre>java.lang.AssertionError: expected [true] but found [false]
	at com.qa.frisrcryae.tests.LandingPageTest.verifyBaby_And_Kids_FootwearLink_test(LandingPageTest.java:112)
	at java.util.concurrent.ThreadPoolExecutor.runWorker(ThreadPoolExecutor.java:1149)
	at java.util.concurrent.ThreadPoolExecutor$Worker.run(ThreadPoolExecutor.java:624)
	at java.lang.Thread.run(Thread.java:748)
... Removed 16 stack frames</pre></div><a href='#' onClick='toggleBox("stack-trace1571199331", this, "Click to show all stack frames", "Click to hide stack frames")'>Click to show all stack frames</a>
<div class='stack-trace' id='stack-trace1571199331'><pre>java.lang.AssertionError: expected [true] but found [false]
	at org.testng.Assert.fail(Assert.java:96)
	at org.testng.Assert.failNotEquals(Assert.java:776)
	at org.testng.Assert.assertEqualsImpl(Assert.java:137)
	at org.testng.Assert.assertEquals(Assert.java:118)
	at org.testng.Assert.assertEquals(Assert.java:568)
	at org.testng.Assert.assertEquals(Assert.java:578)
	at com.qa.frisrcryae.tests.LandingPageTest.verifyBaby_And_Kids_FootwearLink_test(LandingPageTest.java:112)
	at sun.reflect.NativeMethodAccessorImpl.invoke0(Native Method)
	at sun.reflect.NativeMethodAccessorImpl.invoke(NativeMethodAccessorImpl.java:62)
	at sun.reflect.DelegatingMethodAccessorImpl.invoke(DelegatingMethodAccessorImpl.java:43)
	at java.lang.reflect.Method.invoke(Method.java:498)
	at org.testng.internal.MethodInvocationHelper.invokeMethod(MethodInvocationHelper.java:124)
	at org.testng.internal.Invoker.invokeMethod(Invoker.java:583)
	at org.testng.internal.Invoker.invokeTestMethod(Invoker.java:719)
	at org.testng.internal.Invoker.invokeTestMethods(Invoker.java:989)
	at org.testng.internal.TestMethodWorker.invokeTestMethods(TestMethodWorker.java:125)
	at org.testng.internal.TestMethodWorker.run(TestMethodWorker.java:109)
	at java.util.concurrent.ThreadPoolExecutor.runWorker(ThreadPoolExecutor.java:1149)
	at java.util.concurrent.ThreadPoolExecutor$Worker.run(ThreadPoolExecutor.java:624)
	at java.lang.Thread.run(Thread.java:748)
</pre></div></td>
<td>9</td>
<td>com.qa.frisrcryae.tests.LandingPageTest@57c758ac</td></tr>
<tr>
<td title='com.qa.frisrcryae.tests.MegaMenuProductsPageTest.verifyBathFromMegaMenu_test()'><b>verifyBathFromMegaMenu_test</b><br>Test class: com.qa.frisrcryae.tests.MegaMenuProductsPageTest</td>
<td><div><pre>java.lang.NullPointerException
	at org.openqa.selenium.support.ui.ExpectedConditions.elementIfVisible(ExpectedConditions.java:314)
	at org.openqa.selenium.support.ui.ExpectedConditions.access$000(ExpectedConditions.java:43)
	at org.openqa.selenium.support.ui.ExpectedConditions$10.apply(ExpectedConditions.java:300)
	at org.openqa.selenium.support.ui.ExpectedConditions$10.apply(ExpectedConditions.java:297)
	at org.openqa.selenium.support.ui.FluentWait.until(FluentWait.java:249)
	at com.qa.frisrcryae.utills.ElementActions.waitForElementVisible(ElementActions.java:96)
	at com.qa.frisrcryae.pages.MegaMenuProductsPage.verifyBathFromMegaMenu(MegaMenuProductsPage.java:207)
	at com.qa.frisrcryae.tests.MegaMenuProductsPageTest.verifyBathFromMegaMenu_test(MegaMenuProductsPageTest.java:98)
	at java.util.concurrent.ThreadPoolExecutor.runWorker(ThreadPoolExecutor.java:1149)
	at java.util.concurrent.ThreadPoolExecutor$Worker.run(ThreadPoolExecutor.java:624)
	at java.lang.Thread.run(Thread.java:748)
... Removed 10 stack frames</pre></div><a href='#' onClick='toggleBox("stack-trace717837354", this, "Click to show all stack frames", "Click to hide stack frames")'>Click to show all stack frames</a>
<div class='stack-trace' id='stack-trace717837354'><pre>java.lang.NullPointerException
	at org.openqa.selenium.support.ui.ExpectedConditions.elementIfVisible(ExpectedConditions.java:314)
	at org.openqa.selenium.support.ui.ExpectedConditions.access$000(ExpectedConditions.java:43)
	at org.openqa.selenium.support.ui.ExpectedConditions$10.apply(ExpectedConditions.java:300)
	at org.openqa.selenium.support.ui.ExpectedConditions$10.apply(ExpectedConditions.java:297)
	at org.openqa.selenium.support.ui.FluentWait.until(FluentWait.java:249)
	at com.qa.frisrcryae.utills.ElementActions.waitForElementVisible(ElementActions.java:96)
	at com.qa.frisrcryae.pages.MegaMenuProductsPage.verifyBathFromMegaMenu(MegaMenuProductsPage.java:207)
	at com.qa.frisrcryae.tests.MegaMenuProductsPageTest.verifyBathFromMegaMenu_test(MegaMenuProductsPageTest.java:98)
	at sun.reflect.NativeMethodAccessorImpl.invoke0(Native Method)
	at sun.reflect.NativeMethodAccessorImpl.invoke(NativeMethodAccessorImpl.java:62)
	at sun.reflect.DelegatingMethodAccessorImpl.invoke(DelegatingMethodAccessorImpl.java:43)
	at java.lang.reflect.Method.invoke(Method.java:498)
	at org.testng.internal.MethodInvocationHelper.invokeMethod(MethodInvocationHelper.java:124)
	at org.testng.internal.Invoker.invokeMethod(Invoker.java:583)
	at org.testng.internal.Invoker.invokeTestMethod(Invoker.java:719)
	at org.testng.internal.Invoker.invokeTestMethods(Invoker.java:989)
	at org.testng.internal.TestMethodWorker.invokeTestMethods(TestMethodWorker.java:125)
	at org.testng.internal.TestMethodWorker.run(TestMethodWorker.java:109)
	at java.util.concurrent.ThreadPoolExecutor.runWorker(ThreadPoolExecutor.java:1149)
	at java.util.concurrent.ThreadPoolExecutor$Worker.run(ThreadPoolExecutor.java:624)
	at java.lang.Thread.run(Thread.java:748)
</pre></div></td>
<td>2</td>
<td>com.qa.frisrcryae.tests.MegaMenuProductsPageTest@67a20f67</td></tr>
<tr>
<td title='com.qa.frisrcryae.tests.LandingPageTest.verifyBoys_ClothesLink_test()'><b>verifyBoys_ClothesLink_test</b><br>Test class: com.qa.frisrcryae.tests.LandingPageTest</td>
<td><div><pre>java.lang.AssertionError: expected [true] but found [false]
	at com.qa.frisrcryae.tests.LandingPageTest.verifyBoys_ClothesLink_test(LandingPageTest.java:98)
	at java.util.concurrent.ThreadPoolExecutor.runWorker(ThreadPoolExecutor.java:1149)
	at java.util.concurrent.ThreadPoolExecutor$Worker.run(ThreadPoolExecutor.java:624)
	at java.lang.Thread.run(Thread.java:748)
... Removed 16 stack frames</pre></div><a href='#' onClick='toggleBox("stack-trace2004743337", this, "Click to show all stack frames", "Click to hide stack frames")'>Click to show all stack frames</a>
<div class='stack-trace' id='stack-trace2004743337'><pre>java.lang.AssertionError: expected [true] but found [false]
	at org.testng.Assert.fail(Assert.java:96)
	at org.testng.Assert.failNotEquals(Assert.java:776)
	at org.testng.Assert.assertEqualsImpl(Assert.java:137)
	at org.testng.Assert.assertEquals(Assert.java:118)
	at org.testng.Assert.assertEquals(Assert.java:568)
	at org.testng.Assert.assertEquals(Assert.java:578)
	at com.qa.frisrcryae.tests.LandingPageTest.verifyBoys_ClothesLink_test(LandingPageTest.java:98)
	at sun.reflect.NativeMethodAccessorImpl.invoke0(Native Method)
	at sun.reflect.NativeMethodAccessorImpl.invoke(NativeMethodAccessorImpl.java:62)
	at sun.reflect.DelegatingMethodAccessorImpl.invoke(DelegatingMethodAccessorImpl.java:43)
	at java.lang.reflect.Method.invoke(Method.java:498)
	at org.testng.internal.MethodInvocationHelper.invokeMethod(MethodInvocationHelper.java:124)
	at org.testng.internal.Invoker.invokeMethod(Invoker.java:583)
	at org.testng.internal.Invoker.invokeTestMethod(Invoker.java:719)
	at org.testng.internal.Invoker.invokeTestMethods(Invoker.java:989)
	at org.testng.internal.TestMethodWorker.invokeTestMethods(TestMethodWorker.java:125)
	at org.testng.internal.TestMethodWorker.run(TestMethodWorker.java:109)
	at java.util.concurrent.ThreadPoolExecutor.runWorker(ThreadPoolExecutor.java:1149)
	at java.util.concurrent.ThreadPoolExecutor$Worker.run(ThreadPoolExecutor.java:624)
	at java.lang.Thread.run(Thread.java:748)
</pre></div></td>
<td>12</td>
<td>com.qa.frisrcryae.tests.LandingPageTest@57c758ac</td></tr>
<tr>
<td title='com.qa.frisrcryae.tests.LandingPageTest.verifyGirls_ClothesLink_test()'><b>verifyGirls_ClothesLink_test</b><br>Test class: com.qa.frisrcryae.tests.LandingPageTest</td>
<td><div><pre>java.lang.AssertionError: expected [true] but found [false]
	at com.qa.frisrcryae.tests.LandingPageTest.verifyGirls_ClothesLink_test(LandingPageTest.java:105)
	at java.util.concurrent.ThreadPoolExecutor.runWorker(ThreadPoolExecutor.java:1149)
	at java.util.concurrent.ThreadPoolExecutor$Worker.run(ThreadPoolExecutor.java:624)
	at java.lang.Thread.run(Thread.java:748)
... Removed 16 stack frames</pre></div><a href='#' onClick='toggleBox("stack-trace1213777108", this, "Click to show all stack frames", "Click to hide stack frames")'>Click to show all stack frames</a>
<div class='stack-trace' id='stack-trace1213777108'><pre>java.lang.AssertionError: expected [true] but found [false]
	at org.testng.Assert.fail(Assert.java:96)
	at org.testng.Assert.failNotEquals(Assert.java:776)
	at org.testng.Assert.assertEqualsImpl(Assert.java:137)
	at org.testng.Assert.assertEquals(Assert.java:118)
	at org.testng.Assert.assertEquals(Assert.java:568)
	at org.testng.Assert.assertEquals(Assert.java:578)
	at com.qa.frisrcryae.tests.LandingPageTest.verifyGirls_ClothesLink_test(LandingPageTest.java:105)
	at sun.reflect.NativeMethodAccessorImpl.invoke0(Native Method)
	at sun.reflect.NativeMethodAccessorImpl.invoke(NativeMethodAccessorImpl.java:62)
	at sun.reflect.DelegatingMethodAccessorImpl.invoke(DelegatingMethodAccessorImpl.java:43)
	at java.lang.reflect.Method.invoke(Method.java:498)
	at org.testng.internal.MethodInvocationHelper.invokeMethod(MethodInvocationHelper.java:124)
	at org.testng.internal.Invoker.invokeMethod(Invoker.java:583)
	at org.testng.internal.Invoker.invokeTestMethod(Invoker.java:719)
	at org.testng.internal.Invoker.invokeTestMethods(Invoker.java:989)
	at org.testng.internal.TestMethodWorker.invokeTestMethods(TestMethodWorker.java:125)
	at org.testng.internal.TestMethodWorker.run(TestMethodWorker.java:109)
	at java.util.concurrent.ThreadPoolExecutor.runWorker(ThreadPoolExecutor.java:1149)
	at java.util.concurrent.ThreadPoolExecutor$Worker.run(ThreadPoolExecutor.java:624)
	at java.lang.Thread.run(Thread.java:748)
</pre></div></td>
<td>10</td>
<td>com.qa.frisrcryae.tests.LandingPageTest@57c758ac</td></tr>
<tr>
<td title='com.qa.frisrcryae.tests.LandingPageTest.verifyRegisterLinkOnHeader_test()'><b>verifyRegisterLinkOnHeader_test</b><br>Test class: com.qa.frisrcryae.tests.LandingPageTest</td>
<td><div><pre>java.lang.NullPointerException: null value in entry: id=null
	at com.google.common.collect.CollectPreconditions.checkEntryNotNull(CollectPreconditions.java:32)
	at com.google.common.collect.SingletonImmutableBiMap.&lt;init&gt;(SingletonImmutableBiMap.java:42)
	at com.google.common.collect.ImmutableBiMap.of(ImmutableBiMap.java:72)
	at com.google.common.collect.ImmutableMap.of(ImmutableMap.java:124)
	at org.openqa.selenium.remote.RemoteWebDriver$RemoteTargetLocator.frame(RemoteWebDriver.java:892)
	at com.qa.frisrcryae.pages.LandingPage.verifyRegisterLinkOnHeader(LandingPage.java:163)
	at com.qa.frisrcryae.tests.LandingPageTest.verifyRegisterLinkOnHeader_test(LandingPageTest.java:79)
	at java.util.concurrent.ThreadPoolExecutor.runWorker(ThreadPoolExecutor.java:1149)
	at java.util.concurrent.ThreadPoolExecutor$Worker.run(ThreadPoolExecutor.java:624)
	at java.lang.Thread.run(Thread.java:748)
... Removed 10 stack frames</pre></div><a href='#' onClick='toggleBox("stack-trace1732947343", this, "Click to show all stack frames", "Click to hide stack frames")'>Click to show all stack frames</a>
<div class='stack-trace' id='stack-trace1732947343'><pre>java.lang.NullPointerException: null value in entry: id=null
	at com.google.common.collect.CollectPreconditions.checkEntryNotNull(CollectPreconditions.java:32)
	at com.google.common.collect.SingletonImmutableBiMap.&lt;init&gt;(SingletonImmutableBiMap.java:42)
	at com.google.common.collect.ImmutableBiMap.of(ImmutableBiMap.java:72)
	at com.google.common.collect.ImmutableMap.of(ImmutableMap.java:124)
	at org.openqa.selenium.remote.RemoteWebDriver$RemoteTargetLocator.frame(RemoteWebDriver.java:892)
	at com.qa.frisrcryae.pages.LandingPage.verifyRegisterLinkOnHeader(LandingPage.java:163)
	at com.qa.frisrcryae.tests.LandingPageTest.verifyRegisterLinkOnHeader_test(LandingPageTest.java:79)
	at sun.reflect.NativeMethodAccessorImpl.invoke0(Native Method)
	at sun.reflect.NativeMethodAccessorImpl.invoke(NativeMethodAccessorImpl.java:62)
	at sun.reflect.DelegatingMethodAccessorImpl.invoke(DelegatingMethodAccessorImpl.java:43)
	at java.lang.reflect.Method.invoke(Method.java:498)
	at org.testng.internal.MethodInvocationHelper.invokeMethod(MethodInvocationHelper.java:124)
	at org.testng.internal.Invoker.invokeMethod(Invoker.java:583)
	at org.testng.internal.Invoker.invokeTestMethod(Invoker.java:719)
	at org.testng.internal.Invoker.invokeTestMethods(Invoker.java:989)
	at org.testng.internal.TestMethodWorker.invokeTestMethods(TestMethodWorker.java:125)
	at org.testng.internal.TestMethodWorker.run(TestMethodWorker.java:109)
	at java.util.concurrent.ThreadPoolExecutor.runWorker(ThreadPoolExecutor.java:1149)
	at java.util.concurrent.ThreadPoolExecutor$Worker.run(ThreadPoolExecutor.java:624)
	at java.lang.Thread.run(Thread.java:748)
</pre></div></td>
<td>0</td>
<td>com.qa.frisrcryae.tests.LandingPageTest@57c758ac</td></tr>
<tr>
<td title='com.qa.frisrcryae.tests.LandingPageTest.verifySearchBoxWorking_test()'><b>verifySearchBoxWorking_test</b><br>Test class: com.qa.frisrcryae.tests.LandingPageTest</td>
<td><div><pre>java.lang.NullPointerException
	at org.openqa.selenium.support.ui.ExpectedConditions.elementIfVisible(ExpectedConditions.java:314)
	at org.openqa.selenium.support.ui.ExpectedConditions.access$000(ExpectedConditions.java:43)
	at org.openqa.selenium.support.ui.ExpectedConditions$10.apply(ExpectedConditions.java:300)
	at org.openqa.selenium.support.ui.ExpectedConditions$10.apply(ExpectedConditions.java:297)
	at org.openqa.selenium.support.ui.FluentWait.until(FluentWait.java:249)
	at com.qa.frisrcryae.utills.ElementActions.waitForElementVisible(ElementActions.java:96)
	at com.qa.frisrcryae.pages.LandingPage.verifySearchBoxWorking(LandingPage.java:73)
	at com.qa.frisrcryae.tests.LandingPageTest.verifySearchBoxWorking_test(LandingPageTest.java:43)
	at java.util.concurrent.ThreadPoolExecutor.runWorker(ThreadPoolExecutor.java:1149)
	at java.util.concurrent.ThreadPoolExecutor$Worker.run(ThreadPoolExecutor.java:624)
	at java.lang.Thread.run(Thread.java:748)
... Removed 10 stack frames</pre></div><a href='#' onClick='toggleBox("stack-trace735969497", this, "Click to show all stack frames", "Click to hide stack frames")'>Click to show all stack frames</a>
<div class='stack-trace' id='stack-trace735969497'><pre>java.lang.NullPointerException
	at org.openqa.selenium.support.ui.ExpectedConditions.elementIfVisible(ExpectedConditions.java:314)
	at org.openqa.selenium.support.ui.ExpectedConditions.access$000(ExpectedConditions.java:43)
	at org.openqa.selenium.support.ui.ExpectedConditions$10.apply(ExpectedConditions.java:300)
	at org.openqa.selenium.support.ui.ExpectedConditions$10.apply(ExpectedConditions.java:297)
	at org.openqa.selenium.support.ui.FluentWait.until(FluentWait.java:249)
	at com.qa.frisrcryae.utills.ElementActions.waitForElementVisible(ElementActions.java:96)
	at com.qa.frisrcryae.pages.LandingPage.verifySearchBoxWorking(LandingPage.java:73)
	at com.qa.frisrcryae.tests.LandingPageTest.verifySearchBoxWorking_test(LandingPageTest.java:43)
	at sun.reflect.NativeMethodAccessorImpl.invoke0(Native Method)
	at sun.reflect.NativeMethodAccessorImpl.invoke(NativeMethodAccessorImpl.java:62)
	at sun.reflect.DelegatingMethodAccessorImpl.invoke(DelegatingMethodAccessorImpl.java:43)
	at java.lang.reflect.Method.invoke(Method.java:498)
	at org.testng.internal.MethodInvocationHelper.invokeMethod(MethodInvocationHelper.java:124)
	at org.testng.internal.Invoker.invokeMethod(Invoker.java:583)
	at org.testng.internal.Invoker.invokeTestMethod(Invoker.java:719)
	at org.testng.internal.Invoker.invokeTestMethods(Invoker.java:989)
	at org.testng.internal.TestMethodWorker.invokeTestMethods(TestMethodWorker.java:125)
	at org.testng.internal.TestMethodWorker.run(TestMethodWorker.java:109)
	at java.util.concurrent.ThreadPoolExecutor.runWorker(ThreadPoolExecutor.java:1149)
	at java.util.concurrent.ThreadPoolExecutor$Worker.run(ThreadPoolExecutor.java:624)
	at java.lang.Thread.run(Thread.java:748)
</pre></div></td>
<td>0</td>
<td>com.qa.frisrcryae.tests.LandingPageTest@57c758ac</td></tr>
<tr>
<td title='com.qa.frisrcryae.tests.MegaMenuProductsPageTest.verifyToysFromMegaMenu_test()'><b>verifyToysFromMegaMenu_test</b><br>Test class: com.qa.frisrcryae.tests.MegaMenuProductsPageTest</td>
<td><div><pre>java.lang.NullPointerException
	at org.openqa.selenium.support.ui.ExpectedConditions.elementIfVisible(ExpectedConditions.java:314)
	at org.openqa.selenium.support.ui.ExpectedConditions.access$000(ExpectedConditions.java:43)
	at org.openqa.selenium.support.ui.ExpectedConditions$10.apply(ExpectedConditions.java:300)
	at org.openqa.selenium.support.ui.ExpectedConditions$10.apply(ExpectedConditions.java:297)
	at org.openqa.selenium.support.ui.FluentWait.until(FluentWait.java:249)
	at com.qa.frisrcryae.utills.ElementActions.waitForElementVisible(ElementActions.java:96)
	at com.qa.frisrcryae.pages.MegaMenuProductsPage.verifyToysFromMegaMenu(MegaMenuProductsPage.java:104)
	at com.qa.frisrcryae.tests.MegaMenuProductsPageTest.verifyToysFromMegaMenu_test(MegaMenuProductsPageTest.java:56)
	at java.util.concurrent.ThreadPoolExecutor.runWorker(ThreadPoolExecutor.java:1149)
	at java.util.concurrent.ThreadPoolExecutor$Worker.run(ThreadPoolExecutor.java:624)
	at java.lang.Thread.run(Thread.java:748)
... Removed 10 stack frames</pre></div><a href='#' onClick='toggleBox("stack-trace2138500399", this, "Click to show all stack frames", "Click to hide stack frames")'>Click to show all stack frames</a>
<div class='stack-trace' id='stack-trace2138500399'><pre>java.lang.NullPointerException
	at org.openqa.selenium.support.ui.ExpectedConditions.elementIfVisible(ExpectedConditions.java:314)
	at org.openqa.selenium.support.ui.ExpectedConditions.access$000(ExpectedConditions.java:43)
	at org.openqa.selenium.support.ui.ExpectedConditions$10.apply(ExpectedConditions.java:300)
	at org.openqa.selenium.support.ui.ExpectedConditions$10.apply(ExpectedConditions.java:297)
	at org.openqa.selenium.support.ui.FluentWait.until(FluentWait.java:249)
	at com.qa.frisrcryae.utills.ElementActions.waitForElementVisible(ElementActions.java:96)
	at com.qa.frisrcryae.pages.MegaMenuProductsPage.verifyToysFromMegaMenu(MegaMenuProductsPage.java:104)
	at com.qa.frisrcryae.tests.MegaMenuProductsPageTest.verifyToysFromMegaMenu_test(MegaMenuProductsPageTest.java:56)
	at sun.reflect.NativeMethodAccessorImpl.invoke0(Native Method)
	at sun.reflect.NativeMethodAccessorImpl.invoke(NativeMethodAccessorImpl.java:62)
	at sun.reflect.DelegatingMethodAccessorImpl.invoke(DelegatingMethodAccessorImpl.java:43)
	at java.lang.reflect.Method.invoke(Method.java:498)
	at org.testng.internal.MethodInvocationHelper.invokeMethod(MethodInvocationHelper.java:124)
	at org.testng.internal.Invoker.invokeMethod(Invoker.java:583)
	at org.testng.internal.Invoker.invokeTestMethod(Invoker.java:719)
	at org.testng.internal.Invoker.invokeTestMethods(Invoker.java:989)
	at org.testng.internal.TestMethodWorker.invokeTestMethods(TestMethodWorker.java:125)
	at org.testng.internal.TestMethodWorker.run(TestMethodWorker.java:109)
	at java.util.concurrent.ThreadPoolExecutor.runWorker(ThreadPoolExecutor.java:1149)
	at java.util.concurrent.ThreadPoolExecutor$Worker.run(ThreadPoolExecutor.java:624)
	at java.lang.Thread.run(Thread.java:748)
</pre></div></td>
<td>1</td>
<td>com.qa.frisrcryae.tests.MegaMenuProductsPageTest@67a20f67</td></tr>
</table><p>
<table width='100%' border='1' class='invocation-passed'>
<tr><td colspan='4' align='center'><b>PASSED TESTS</b></td></tr>
<tr><td><b>Test method</b></td>
<td width="30%"><b>Exception</b></td>
<td width="10%"><b>Time (seconds)</b></td>
<td><b>Instance</b></td>
</tr>
<tr>
<td title='com.qa.frisrcryae.tests.MegaMenuProductsPageTest.verifyBooksAndSchoolFromMegaMenu_test()'><b>verifyBooksAndSchoolFromMegaMenu_test</b><br>Test class: com.qa.frisrcryae.tests.MegaMenuProductsPageTest</td>
<td></td>
<td>8</td>
<td>com.qa.frisrcryae.tests.MegaMenuProductsPageTest@67a20f67</td></tr>
<tr>
<td title='com.qa.frisrcryae.tests.MegaMenuProductsPageTest.verifyBoys_ClothesLink_test()'><b>verifyBoys_ClothesLink_test</b><br>Test class: com.qa.frisrcryae.tests.MegaMenuProductsPageTest</td>
<td></td>
<td>14</td>
<td>com.qa.frisrcryae.tests.MegaMenuProductsPageTest@67a20f67</td></tr>
<tr>
<td title='com.qa.frisrcryae.tests.LandingPageTest.verifyContactUsLinkOnHeader_test()'><b>verifyContactUsLinkOnHeader_test</b><br>Test class: com.qa.frisrcryae.tests.LandingPageTest</td>
<td></td>
<td>16</td>
<td>com.qa.frisrcryae.tests.LandingPageTest@57c758ac</td></tr>
<tr>
<td title='com.qa.frisrcryae.tests.MegaMenuProductsPageTest.verifyDiaperingFromMegaMenu_test()'><b>verifyDiaperingFromMegaMenu_test</b><br>Test class: com.qa.frisrcryae.tests.MegaMenuProductsPageTest</td>
<td></td>
<td>9</td>
<td>com.qa.frisrcryae.tests.MegaMenuProductsPageTest@67a20f67</td></tr>
<tr>
<td title='com.qa.frisrcryae.tests.MegaMenuProductsPageTest.verifyFeedingFromMegaMenu_test()'><b>verifyFeedingFromMegaMenu_test</b><br>Test class: com.qa.frisrcryae.tests.MegaMenuProductsPageTest</td>
<td></td>
<td>7</td>
<td>com.qa.frisrcryae.tests.MegaMenuProductsPageTest@67a20f67</td></tr>
<tr>
<td title='com.qa.frisrcryae.tests.LandingPageTest.verifyFirstCryLogoOnHeader_test()'><b>verifyFirstCryLogoOnHeader_test</b><br>Test class: com.qa.frisrcryae.tests.LandingPageTest</td>
<td></td>
<td>0</td>
<td>com.qa.frisrcryae.tests.LandingPageTest@57c758ac</td></tr>
<tr>
<td title='com.qa.frisrcryae.tests.LandingPageTest.verifyFirstCryParentingLinkOnHeader_test()'><b>verifyFirstCryParentingLinkOnHeader_test</b><br>Test class: com.qa.frisrcryae.tests.LandingPageTest</td>
<td></td>
<td>12</td>
<td>com.qa.frisrcryae.tests.LandingPageTest@57c758ac</td></tr>
<tr>
<td title='com.qa.frisrcryae.tests.MegaMenuProductsPageTest.verifyFootwearFromMegaMenu_test()'><b>verifyFootwearFromMegaMenu_test</b><br>Test class: com.qa.frisrcryae.tests.MegaMenuProductsPageTest</td>
<td></td>
<td>7</td>
<td>com.qa.frisrcryae.tests.MegaMenuProductsPageTest@67a20f67</td></tr>
<tr>
<td title='com.qa.frisrcryae.tests.MegaMenuProductsPageTest.verifyGearFromMegaMenu_test()'><b>verifyGearFromMegaMenu_test</b><br>Test class: com.qa.frisrcryae.tests.MegaMenuProductsPageTest</td>
<td></td>
<td>17</td>
<td>com.qa.frisrcryae.tests.MegaMenuProductsPageTest@67a20f67</td></tr>
<tr>
<td title='com.qa.frisrcryae.tests.MegaMenuProductsPageTest.verifyGirl_FashionFromMegaMenu_test()'><b>verifyGirl_FashionFromMegaMenu_test</b><br>Test class: com.qa.frisrcryae.tests.MegaMenuProductsPageTest</td>
<td></td>
<td>23</td>
<td>com.qa.frisrcryae.tests.MegaMenuProductsPageTest@67a20f67</td></tr>
<tr>
<td title='com.qa.frisrcryae.tests.MegaMenuProductsPageTest.verifyOutdoorFromMegaMenu_test()'><b>verifyOutdoorFromMegaMenu_test</b><br>Test class: com.qa.frisrcryae.tests.MegaMenuProductsPageTest</td>
<td></td>
<td>28</td>
<td>com.qa.frisrcryae.tests.MegaMenuProductsPageTest@67a20f67</td></tr>
<tr>
<td title='com.qa.frisrcryae.tests.LandingPageTest.verifyPlaceHolder_test()'><b>verifyPlaceHolder_test</b><br>Test class: com.qa.frisrcryae.tests.LandingPageTest</td>
<td></td>
<td>1</td>
<td>com.qa.frisrcryae.tests.LandingPageTest@57c758ac</td></tr>
<tr>
<td title='com.qa.frisrcryae.tests.LandingPageTest.verifySearchBoxIsAvailable_test()'><b>verifySearchBoxIsAvailable_test</b><br>Test class: com.qa.frisrcryae.tests.LandingPageTest</td>
<td></td>
<td>0</td>
<td>com.qa.frisrcryae.tests.LandingPageTest@57c758ac</td></tr>
<tr>
<td title='com.qa.frisrcryae.tests.LandingPageTest.verifyShortListLinkOnHeader_test()'><b>verifyShortListLinkOnHeader_test</b><br>Test class: com.qa.frisrcryae.tests.LandingPageTest</td>
<td></td>
<td>4</td>
<td>com.qa.frisrcryae.tests.LandingPageTest@57c758ac</td></tr>
<tr>
<td title='com.qa.frisrcryae.tests.LandingPageTest.verifySignUpLink_test()'><b>verifySignUpLink_test</b><br>Test class: com.qa.frisrcryae.tests.LandingPageTest</td>
<td></td>
<td>0</td>
<td>com.qa.frisrcryae.tests.LandingPageTest@57c758ac</td></tr>
<tr>
<td title='com.qa.frisrcryae.tests.LandingPageTest.verifyTrackOrderLinkOnHeader_test()'><b>verifyTrackOrderLinkOnHeader_test</b><br>Test class: com.qa.frisrcryae.tests.LandingPageTest</td>
<td></td>
<td>12</td>
<td>com.qa.frisrcryae.tests.LandingPageTest@57c758ac</td></tr>
</table><p>
</body>
</html>