<?xml version="1.0" encoding="UTF-8"?>
<testng-results skipped="0" failed="2" ignored="0" total="11" passed="9">
  <reporter-output>
  </reporter-output>
  <suite name="Suite" duration-ms="159593" started-at="2020-05-13T07:27:13Z" finished-at="2020-05-13T07:29:53Z">
    <groups>
    </groups>
    <test name="Test" duration-ms="159593" started-at="2020-05-13T07:27:13Z" finished-at="2020-05-13T07:29:53Z">
      <class name="com.qa.frisrcryae.tests.LandingPageTest">
        <test-method status="PASS" signature="setup()[pri:0, instance:com.qa.frisrcryae.tests.LandingPageTest@105fece7]" name="setup" is-config="true" duration-ms="25797" started-at="2020-05-13T07:27:13Z" finished-at="2020-05-13T07:27:39Z">
          <reporter-output>
          </reporter-output>
        </test-method> <!-- setup -->
        <test-method status="PASS" signature="verifySignUpLink_test()[pri:1, instance:com.qa.frisrcryae.tests.LandingPageTest@105fece7]" name="verifySignUpLink_test" duration-ms="20" started-at="2020-05-13T07:27:39Z" finished-at="2020-05-13T07:27:39Z">
          <reporter-output>
          </reporter-output>
        </test-method> <!-- verifySignUpLink_test -->
        <test-method status="PASS" signature="tearDown()[pri:0, instance:com.qa.frisrcryae.tests.LandingPageTest@105fece7]" name="tearDown" is-config="true" duration-ms="0" started-at="2020-05-13T07:27:39Z" finished-at="2020-05-13T07:27:39Z">
          <reporter-output>
          </reporter-output>
        </test-method> <!-- tearDown -->
        <test-method status="PASS" signature="setup()[pri:0, instance:com.qa.frisrcryae.tests.LandingPageTest@105fece7]" name="setup" is-config="true" duration-ms="9754" started-at="2020-05-13T07:27:39Z" finished-at="2020-05-13T07:27:49Z">
          <reporter-output>
          </reporter-output>
        </test-method> <!-- setup -->
        <test-method status="PASS" signature="verifySearchBoxIsAvailable_test()[pri:2, instance:com.qa.frisrcryae.tests.LandingPageTest@105fece7]" name="verifySearchBoxIsAvailable_test" duration-ms="65" started-at="2020-05-13T07:27:49Z" finished-at="2020-05-13T07:27:49Z">
          <reporter-output>
          </reporter-output>
        </test-method> <!-- verifySearchBoxIsAvailable_test -->
        <test-method status="PASS" signature="tearDown()[pri:0, instance:com.qa.frisrcryae.tests.LandingPageTest@105fece7]" name="tearDown" is-config="true" duration-ms="0" started-at="2020-05-13T07:27:49Z" finished-at="2020-05-13T07:27:49Z">
          <reporter-output>
          </reporter-output>
        </test-method> <!-- tearDown -->
        <test-method status="PASS" signature="setup()[pri:0, instance:com.qa.frisrcryae.tests.LandingPageTest@105fece7]" name="setup" is-config="true" duration-ms="8967" started-at="2020-05-13T07:27:49Z" finished-at="2020-05-13T07:27:58Z">
          <reporter-output>
          </reporter-output>
        </test-method> <!-- setup -->
        <test-method status="PASS" signature="verifySearchBoxWorking_test()[pri:3, instance:com.qa.frisrcryae.tests.LandingPageTest@105fece7]" name="verifySearchBoxWorking_test" duration-ms="783" started-at="2020-05-13T07:27:58Z" finished-at="2020-05-13T07:27:59Z">
          <reporter-output>
          </reporter-output>
        </test-method> <!-- verifySearchBoxWorking_test -->
        <test-method status="PASS" signature="tearDown()[pri:0, instance:com.qa.frisrcryae.tests.LandingPageTest@105fece7]" name="tearDown" is-config="true" duration-ms="0" started-at="2020-05-13T07:27:59Z" finished-at="2020-05-13T07:27:59Z">
          <reporter-output>
          </reporter-output>
        </test-method> <!-- tearDown -->
        <test-method status="PASS" signature="setup()[pri:0, instance:com.qa.frisrcryae.tests.LandingPageTest@105fece7]" name="setup" is-config="true" duration-ms="9121" started-at="2020-05-13T07:27:59Z" finished-at="2020-05-13T07:28:08Z">
          <reporter-output>
          </reporter-output>
        </test-method> <!-- setup -->
        <test-method status="PASS" signature="verifyPlaceHolder_test()[pri:4, instance:com.qa.frisrcryae.tests.LandingPageTest@105fece7]" name="verifyPlaceHolder_test" duration-ms="569" started-at="2020-05-13T07:28:08Z" finished-at="2020-05-13T07:28:08Z">
          <reporter-output>
          </reporter-output>
        </test-method> <!-- verifyPlaceHolder_test -->
        <test-method status="PASS" signature="tearDown()[pri:0, instance:com.qa.frisrcryae.tests.LandingPageTest@105fece7]" name="tearDown" is-config="true" duration-ms="1" started-at="2020-05-13T07:28:08Z" finished-at="2020-05-13T07:28:08Z">
          <reporter-output>
          </reporter-output>
        </test-method> <!-- tearDown -->
        <test-method status="PASS" signature="setup()[pri:0, instance:com.qa.frisrcryae.tests.LandingPageTest@105fece7]" name="setup" is-config="true" duration-ms="10026" started-at="2020-05-13T07:28:08Z" finished-at="2020-05-13T07:28:18Z">
          <reporter-output>
          </reporter-output>
        </test-method> <!-- setup -->
        <test-method status="FAIL" signature="loginToApp_test()[pri:5, instance:com.qa.frisrcryae.tests.LandingPageTest@105fece7]" name="loginToApp_test" duration-ms="5408" started-at="2020-05-13T07:28:18Z" finished-at="2020-05-13T07:28:24Z">
          <exception class="java.lang.AssertionError">
            <message>
              <![CDATA[loginToApp_test failed unable to locate My Account Webelement expected [true] but found [false]]]>
            </message>
            <full-stacktrace>
              <![CDATA[java.lang.AssertionError: loginToApp_test failed unable to locate My Account Webelement expected [true] but found [false]
at org.testng.Assert.fail(Assert.java:96)
at org.testng.Assert.failNotEquals(Assert.java:776)
at org.testng.Assert.assertEqualsImpl(Assert.java:137)
at org.testng.Assert.assertEquals(Assert.java:118)
at org.testng.Assert.assertEquals(Assert.java:568)
at com.qa.frisrcryae.tests.LandingPageTest.loginToApp_test(LandingPageTest.java:53)
at sun.reflect.NativeMethodAccessorImpl.invoke0(Native Method)
at sun.reflect.NativeMethodAccessorImpl.invoke(NativeMethodAccessorImpl.java:62)
at sun.reflect.DelegatingMethodAccessorImpl.invoke(DelegatingMethodAccessorImpl.java:43)
at java.lang.reflect.Method.invoke(Method.java:498)
at org.testng.internal.MethodInvocationHelper.invokeMethod(MethodInvocationHelper.java:124)
at org.testng.internal.Invoker.invokeMethod(Invoker.java:583)
at org.testng.internal.Invoker.invokeTestMethod(Invoker.java:719)
at org.testng.internal.Invoker.invokeTestMethods(Invoker.java:989)
at org.testng.internal.TestMethodWorker.invokeTestMethods(TestMethodWorker.java:125)
at org.testng.internal.TestMethodWorker.run(TestMethodWorker.java:109)
at java.util.concurrent.ThreadPoolExecutor.runWorker(ThreadPoolExecutor.java:1149)
at java.util.concurrent.ThreadPoolExecutor$Worker.run(ThreadPoolExecutor.java:624)
at java.lang.Thread.run(Thread.java:748)
]]>
            </full-stacktrace>
          </exception> <!-- java.lang.AssertionError -->
          <reporter-output>
          </reporter-output>
        </test-method> <!-- loginToApp_test -->
        <test-method status="PASS" signature="tearDown()[pri:0, instance:com.qa.frisrcryae.tests.LandingPageTest@105fece7]" name="tearDown" is-config="true" duration-ms="0" started-at="2020-05-13T07:28:24Z" finished-at="2020-05-13T07:28:24Z">
          <reporter-output>
          </reporter-output>
        </test-method> <!-- tearDown -->
        <test-method status="PASS" signature="setup()[pri:0, instance:com.qa.frisrcryae.tests.LandingPageTest@105fece7]" name="setup" is-config="true" duration-ms="10179" started-at="2020-05-13T07:28:24Z" finished-at="2020-05-13T07:28:34Z">
          <reporter-output>
          </reporter-output>
        </test-method> <!-- setup -->
        <test-method status="PASS" signature="verifyContactUsLinkOnHeader_test()[pri:6, instance:com.qa.frisrcryae.tests.LandingPageTest@105fece7]" name="verifyContactUsLinkOnHeader_test" duration-ms="2239" started-at="2020-05-13T07:28:34Z" finished-at="2020-05-13T07:28:36Z">
          <reporter-output>
          </reporter-output>
        </test-method> <!-- verifyContactUsLinkOnHeader_test -->
        <test-method status="PASS" signature="setup()[pri:0, instance:com.qa.frisrcryae.tests.LandingPageTest@105fece7]" name="setup" is-config="true" duration-ms="10845" started-at="2020-05-13T07:28:36Z" finished-at="2020-05-13T07:28:47Z">
          <reporter-output>
          </reporter-output>
        </test-method> <!-- setup -->
        <test-method status="PASS" signature="tearDown()[pri:0, instance:com.qa.frisrcryae.tests.LandingPageTest@105fece7]" name="tearDown" is-config="true" duration-ms="0" started-at="2020-05-13T07:28:36Z" finished-at="2020-05-13T07:28:36Z">
          <reporter-output>
          </reporter-output>
        </test-method> <!-- tearDown -->
        <test-method status="PASS" signature="verifyTrackOrderLinkOnHeader_test()[pri:7, instance:com.qa.frisrcryae.tests.LandingPageTest@105fece7]" name="verifyTrackOrderLinkOnHeader_test" duration-ms="3603" started-at="2020-05-13T07:28:47Z" finished-at="2020-05-13T07:28:51Z">
          <reporter-output>
          </reporter-output>
        </test-method> <!-- verifyTrackOrderLinkOnHeader_test -->
        <test-method status="PASS" signature="tearDown()[pri:0, instance:com.qa.frisrcryae.tests.LandingPageTest@105fece7]" name="tearDown" is-config="true" duration-ms="1" started-at="2020-05-13T07:28:51Z" finished-at="2020-05-13T07:28:51Z">
          <reporter-output>
          </reporter-output>
        </test-method> <!-- tearDown -->
        <test-method status="PASS" signature="setup()[pri:0, instance:com.qa.frisrcryae.tests.LandingPageTest@105fece7]" name="setup" is-config="true" duration-ms="11036" started-at="2020-05-13T07:28:51Z" finished-at="2020-05-13T07:29:02Z">
          <reporter-output>
          </reporter-output>
        </test-method> <!-- setup -->
        <test-method status="PASS" signature="verifyFirstCryParentingLinkOnHeader_test()[pri:8, instance:com.qa.frisrcryae.tests.LandingPageTest@105fece7]" name="verifyFirstCryParentingLinkOnHeader_test" duration-ms="9088" started-at="2020-05-13T07:29:02Z" finished-at="2020-05-13T07:29:11Z">
          <reporter-output>
          </reporter-output>
        </test-method> <!-- verifyFirstCryParentingLinkOnHeader_test -->
        <test-method status="PASS" signature="tearDown()[pri:0, instance:com.qa.frisrcryae.tests.LandingPageTest@105fece7]" name="tearDown" is-config="true" duration-ms="0" started-at="2020-05-13T07:29:11Z" finished-at="2020-05-13T07:29:11Z">
          <reporter-output>
          </reporter-output>
        </test-method> <!-- tearDown -->
        <test-method status="PASS" signature="setup()[pri:0, instance:com.qa.frisrcryae.tests.LandingPageTest@105fece7]" name="setup" is-config="true" duration-ms="13145" started-at="2020-05-13T07:29:11Z" finished-at="2020-05-13T07:29:24Z">
          <reporter-output>
          </reporter-output>
        </test-method> <!-- setup -->
        <test-method status="PASS" signature="verifyRegisterLinkOnHeader_test()[pri:9, instance:com.qa.frisrcryae.tests.LandingPageTest@105fece7]" name="verifyRegisterLinkOnHeader_test" duration-ms="3761" started-at="2020-05-13T07:29:24Z" finished-at="2020-05-13T07:29:28Z">
          <reporter-output>
          </reporter-output>
        </test-method> <!-- verifyRegisterLinkOnHeader_test -->
        <test-method status="PASS" signature="setup()[pri:0, instance:com.qa.frisrcryae.tests.LandingPageTest@105fece7]" name="setup" is-config="true" duration-ms="13111" started-at="2020-05-13T07:29:28Z" finished-at="2020-05-13T07:29:41Z">
          <reporter-output>
          </reporter-output>
        </test-method> <!-- setup -->
        <test-method status="PASS" signature="tearDown()[pri:0, instance:com.qa.frisrcryae.tests.LandingPageTest@105fece7]" name="tearDown" is-config="true" duration-ms="0" started-at="2020-05-13T07:29:28Z" finished-at="2020-05-13T07:29:28Z">
          <reporter-output>
          </reporter-output>
        </test-method> <!-- tearDown -->
        <test-method status="PASS" signature="verifyShortListLinkOnHeader_test()[pri:10, instance:com.qa.frisrcryae.tests.LandingPageTest@105fece7]" name="verifyShortListLinkOnHeader_test" duration-ms="3403" started-at="2020-05-13T07:29:41Z" finished-at="2020-05-13T07:29:44Z">
          <reporter-output>
          </reporter-output>
        </test-method> <!-- verifyShortListLinkOnHeader_test -->
        <test-method status="PASS" signature="tearDown()[pri:0, instance:com.qa.frisrcryae.tests.LandingPageTest@105fece7]" name="tearDown" is-config="true" duration-ms="0" started-at="2020-05-13T07:29:44Z" finished-at="2020-05-13T07:29:44Z">
          <reporter-output>
          </reporter-output>
        </test-method> <!-- tearDown -->
        <test-method status="PASS" signature="setup()[pri:0, instance:com.qa.frisrcryae.tests.LandingPageTest@105fece7]" name="setup" is-config="true" duration-ms="8588" started-at="2020-05-13T07:29:44Z" finished-at="2020-05-13T07:29:53Z">
          <reporter-output>
          </reporter-output>
        </test-method> <!-- setup -->
        <test-method status="FAIL" signature="verifyFirstCryLogoOnHeader_test()[pri:11, instance:com.qa.frisrcryae.tests.LandingPageTest@105fece7]" name="verifyFirstCryLogoOnHeader_test" duration-ms="46" started-at="2020-05-13T07:29:53Z" finished-at="2020-05-13T07:29:53Z">
          <exception class="java.lang.NullPointerException">
            <full-stacktrace>
              <![CDATA[java.lang.NullPointerException
at org.openqa.selenium.support.ui.ExpectedConditions.elementIfVisible(ExpectedConditions.java:314)
at org.openqa.selenium.support.ui.ExpectedConditions.access$000(ExpectedConditions.java:43)
at org.openqa.selenium.support.ui.ExpectedConditions$10.apply(ExpectedConditions.java:300)
at org.openqa.selenium.support.ui.ExpectedConditions$10.apply(ExpectedConditions.java:297)
at org.openqa.selenium.support.ui.FluentWait.until(FluentWait.java:249)
at com.qa.frisrcryae.utills.ElementActions.waitForElementVisible(ElementActions.java:96)
at com.qa.frisrcryae.pages.LandingPage.verifyFirstCryLogoOnHeader(LandingPage.java:178)
at com.qa.frisrcryae.tests.LandingPageTest.verifyFirstCryLogoOnHeader_test(LandingPageTest.java:90)
at sun.reflect.NativeMethodAccessorImpl.invoke0(Native Method)
at sun.reflect.NativeMethodAccessorImpl.invoke(NativeMethodAccessorImpl.java:62)
at sun.reflect.DelegatingMethodAccessorImpl.invoke(DelegatingMethodAccessorImpl.java:43)
at java.lang.reflect.Method.invoke(Method.java:498)
at org.testng.internal.MethodInvocationHelper.invokeMethod(MethodInvocationHelper.java:124)
at org.testng.internal.Invoker.invokeMethod(Invoker.java:583)
at org.testng.internal.Invoker.invokeTestMethod(Invoker.java:719)
at org.testng.internal.Invoker.invokeTestMethods(Invoker.java:989)
at org.testng.internal.TestMethodWorker.invokeTestMethods(TestMethodWorker.java:125)
at org.testng.internal.TestMethodWorker.run(TestMethodWorker.java:109)
at java.util.concurrent.ThreadPoolExecutor.runWorker(ThreadPoolExecutor.java:1149)
at java.util.concurrent.ThreadPoolExecutor$Worker.run(ThreadPoolExecutor.java:624)
at java.lang.Thread.run(Thread.java:748)
]]>
            </full-stacktrace>
          </exception> <!-- java.lang.NullPointerException -->
          <reporter-output>
          </reporter-output>
        </test-method> <!-- verifyFirstCryLogoOnHeader_test -->
        <test-method status="PASS" signature="tearDown()[pri:0, instance:com.qa.frisrcryae.tests.LandingPageTest@105fece7]" name="tearDown" is-config="true" duration-ms="0" started-at="2020-05-13T07:29:53Z" finished-at="2020-05-13T07:29:53Z">
          <reporter-output>
          </reporter-output>
        </test-method> <!-- tearDown -->
      </class> <!-- com.qa.frisrcryae.tests.LandingPageTest -->
    </test> <!-- Test -->
  </suite> <!-- Suite -->
</testng-results>
